<?xml version="1.0" encoding="UTF-8"?>
<coverage generated="1776298273097" clover="3.2.0">
  <project timestamp="1776298273097" name="All files">
    <metrics statements="49" coveredstatements="38" conditionals="30" coveredconditionals="15" methods="34" coveredmethods="23" elements="113" coveredelements="76" complexity="0" loc="49" ncloc="49" packages="3" files="5" classes="5"/>
    <package name="mocks">
      <metrics statements="3" coveredstatements="2" conditionals="0" coveredconditionals="0" methods="1" coveredmethods="0"/>
      <file name="handlers.ts" path="C:\myapps\timelapse\mocks\handlers.ts">
        <metrics statements="2" coveredstatements="1" conditionals="0" coveredconditionals="0" methods="1" coveredmethods="0"/>
        <line num="3" count="2" type="stmt"/>
        <line num="5" count="0" type="stmt"/>
      </file>
      <file name="server.ts" path="C:\myapps\timelapse\mocks\server.ts">
        <metrics statements="1" coveredstatements="1" conditionals="0" coveredconditionals="0" methods="0" coveredmethods="0"/>
        <line num="5" count="2" type="stmt"/>
      </file>
    </package>
    <package name="src.packages.application.src.services">
      <metrics statements="6" coveredstatements="6" conditionals="0" coveredconditionals="0" methods="2" coveredmethods="2"/>
      <file name="ListTimeEntriesService.ts" path="C:\myapps\timelapse\src\packages\application\src\services\ListTimeEntriesService.ts">
        <metrics statements="6" coveredstatements="6" conditionals="0" coveredconditionals="0" methods="2" coveredmethods="2"/>
        <line num="16" count="3" type="stmt"/>
        <line num="22" count="3" type="stmt"/>
        <line num="23" count="3" type="stmt"/>
        <line num="29" count="2" type="stmt"/>
        <line num="35" count="1" type="stmt"/>
        <line num="37" count="2" type="stmt"/>
      </file>
    </package>
    <package name="src.packages.cross-cutting.src.helpers">
      <metrics statements="40" coveredstatements="30" conditionals="30" coveredconditionals="15" methods="31" coveredmethods="21"/>
      <file name="AppError.ts" path="C:\myapps\timelapse\src\packages\cross-cutting\src\helpers\AppError.ts">
        <metrics statements="15" coveredstatements="11" conditionals="6" coveredconditionals="3" methods="7" coveredmethods="4"/>
        <line num="3" count="1" type="stmt"/>
        <line num="5" count="2" type="stmt"/>
        <line num="6" count="2" type="stmt"/>
        <line num="7" count="2" type="cond" truecount="1" falsecount="0"/>
        <line num="8" count="2" type="cond" truecount="1" falsecount="0"/>
        <line num="20" count="2" type="stmt"/>
        <line num="32" count="0" type="stmt"/>
        <line num="36" count="1" type="stmt"/>
        <line num="42" count="0" type="stmt"/>
        <line num="46" count="1" type="stmt"/>
        <line num="52" count="0" type="stmt"/>
        <line num="56" count="1" type="stmt"/>
        <line num="62" count="0" type="stmt"/>
        <line num="66" count="1" type="stmt"/>
        <line num="72" count="2" type="stmt"/>
      </file>
      <file name="Either.ts" path="C:\myapps\timelapse\src\packages\cross-cutting\src\helpers\Either.ts">
        <metrics statements="25" coveredstatements="19" conditionals="24" coveredconditionals="12" methods="24" coveredmethods="17"/>
        <line num="1" count="1" type="stmt"/>
        <line num="3" count="21" type="stmt"/>
        <line num="4" count="21" type="stmt"/>
        <line num="8" count="1" type="stmt"/>
        <line num="13" count="8" type="stmt"/>
        <line num="17" count="2" type="stmt"/>
        <line num="19" count="9" type="stmt"/>
        <line num="22" count="2" type="stmt"/>
        <line num="23" count="15" type="stmt"/>
        <line num="26" count="1" type="stmt"/>
        <line num="27" count="21" type="stmt"/>
        <line num="31" count="0" type="cond" truecount="0" falsecount="2"/>
        <line num="32" count="9" type="cond" truecount="2" falsecount="0"/>
        <line num="33" count="9" type="stmt"/>
        <line num="36" count="0" type="cond" truecount="0" falsecount="2"/>
        <line num="37" count="8" type="cond" truecount="2" falsecount="0"/>
        <line num="38" count="8" type="stmt"/>
        <line num="42" count="0" type="cond" truecount="0" falsecount="2"/>
        <line num="43" count="3" type="cond" truecount="2" falsecount="0"/>
        <line num="48" count="0" type="cond" truecount="0" falsecount="2"/>
        <line num="49" count="3" type="cond" truecount="2" falsecount="0"/>
        <line num="54" count="0" type="cond" truecount="0" falsecount="2"/>
        <line num="55" count="3" type="cond" truecount="2" falsecount="0"/>
        <line num="58" count="0" type="cond" truecount="0" falsecount="2"/>
        <line num="59" count="3" type="cond" truecount="2" falsecount="0"/>
      </file>
    </package>
  </project>
</coverage>
