{"C:\\myapps\\timelapse\\mocks\\handlers.ts": {"path":"C:\\myapps\\timelapse\\mocks\\handlers.ts","statementMap":{"0":{"start":{"line":3,"column":24},"end":{"line":9,"column":null}},"1":{"start":{"line":5,"column":4},"end":{"line":8,"column":null}}},"fnMap":{"0":{"name":"(anonymous_0)","decl":{"start":{"line":4,"column":11},"end":{"line":4,"column":30}},"loc":{"start":{"line":4,"column":30},"end":{"line":9,"column":null}},"line":4}},"branchMap":{},"s":{"0":2,"1":0},"f":{"0":0},"b":{},"meta":{"lastBranch":0,"lastFunction":1,"lastStatement":2,"seen":{"s:3:24:9:Infinity":0,"f:4:11:4:30":0,"s:5:4:8:Infinity":1}}}
,"C:\\myapps\\timelapse\\mocks\\server.ts": {"path":"C:\\myapps\\timelapse\\mocks\\server.ts","statementMap":{"0":{"start":{"line":5,"column":13},"end":{"line":5,"column":46}}},"fnMap":{},"branchMap":{},"s":{"0":2},"f":{},"b":{},"meta":{"lastBranch":0,"lastFunction":0,"lastStatement":1,"seen":{"s:5:13:5:46":0}}}
,"C:\\myapps\\timelapse\\src\\packages\\application\\src\\services\\ListTimeEntriesService.ts": {"path":"C:\\myapps\\timelapse\\src\\packages\\application\\src\\services\\ListTimeEntriesService.ts","statementMap":{"0":{"start":{"line":16,"column":21},"end":{"line":16,"column":null}},"1":{"start":{"line":22,"column":4},"end":{"line":37,"column":null}},"2":{"start":{"line":23,"column":22},"end":{"line":26,"column":null}},"3":{"start":{"line":29,"column":26},"end":{"line":32,"column":null}},"4":{"start":{"line":35,"column":6},"end":{"line":35,"column":null}},"5":{"start":{"line":37,"column":6},"end":{"line":37,"column":null}}},"fnMap":{"0":{"name":"(anonymous_0)","decl":{"start":{"line":15,"column":2},"end":{"line":15,"column":9}},"loc":{"start":{"line":17,"column":4},"end":{"line":16,"column":null}},"line":17},"1":{"name":"(anonymous_1)","decl":{"start":{"line":19,"column":15},"end":{"line":19,"column":null}},"loc":{"start":{"line":21,"column":61},"end":{"line":37,"column":null}},"line":21}},"branchMap":{},"s":{"0":3,"1":3,"2":3,"3":2,"4":1,"5":2},"f":{"0":3,"1":3},"b":{},"meta":{"lastBranch":0,"lastFunction":2,"lastStatement":6,"seen":{"f:15:2:15:9":0,"s:16:21:16:Infinity":0,"f:19:15:19:Infinity":1,"s:22:4:37:Infinity":1,"s:23:22:26:Infinity":2,"s:29:26:32:Infinity":3,"s:35:6:35:Infinity":4,"s:37:6:37:Infinity":5}}}
,"C:\\myapps\\timelapse\\src\\packages\\cross-cutting\\src\\helpers\\AppError.ts": {"path":"C:\\myapps\\timelapse\\src\\packages\\cross-cutting\\src\\helpers\\AppError.ts","statementMap":{"0":{"start":{"line":3,"column":7},"end":{"line":34,"column":null}},"1":{"start":{"line":5,"column":20},"end":{"line":5,"column":null}},"2":{"start":{"line":6,"column":20},"end":{"line":6,"column":null}},"3":{"start":{"line":7,"column":20},"end":{"line":7,"column":41}},"4":{"start":{"line":8,"column":20},"end":{"line":8,"column":41}},"5":{"start":{"line":20,"column":4},"end":{"line":20,"column":null}},"6":{"start":{"line":32,"column":4},"end":{"line":32,"column":null}},"7":{"start":{"line":36,"column":7},"end":{"line":44,"column":null}},"8":{"start":{"line":42,"column":4},"end":{"line":42,"column":null}},"9":{"start":{"line":46,"column":7},"end":{"line":54,"column":null}},"10":{"start":{"line":52,"column":4},"end":{"line":52,"column":null}},"11":{"start":{"line":56,"column":7},"end":{"line":64,"column":null}},"12":{"start":{"line":62,"column":4},"end":{"line":62,"column":null}},"13":{"start":{"line":66,"column":7},"end":{"line":74,"column":null}},"14":{"start":{"line":72,"column":4},"end":{"line":72,"column":null}}},"fnMap":{"0":{"name":"(anonymous_0)","decl":{"start":{"line":4,"column":2},"end":{"line":4,"column":null}},"loc":{"start":{"line":9,"column":4},"end":{"line":9,"column":null}},"line":9},"1":{"name":"(anonymous_1)","decl":{"start":{"line":11,"column":9},"end":{"line":11,"column":null}},"loc":{"start":{"line":19,"column":7},"end":{"line":21,"column":null}},"line":19},"2":{"name":"(anonymous_2)","decl":{"start":{"line":23,"column":9},"end":{"line":23,"column":null}},"loc":{"start":{"line":31,"column":7},"end":{"line":33,"column":null}},"line":31},"3":{"name":"(anonymous_3)","decl":{"start":{"line":37,"column":2},"end":{"line":37,"column":null}},"loc":{"start":{"line":41,"column":4},"end":{"line":43,"column":null}},"line":41},"4":{"name":"(anonymous_4)","decl":{"start":{"line":47,"column":2},"end":{"line":47,"column":null}},"loc":{"start":{"line":51,"column":4},"end":{"line":53,"column":null}},"line":51},"5":{"name":"(anonymous_5)","decl":{"start":{"line":57,"column":2},"end":{"line":57,"column":null}},"loc":{"start":{"line":61,"column":4},"end":{"line":63,"column":null}},"line":61},"6":{"name":"(anonymous_6)","decl":{"start":{"line":67,"column":2},"end":{"line":67,"column":null}},"loc":{"start":{"line":71,"column":4},"end":{"line":73,"column":null}},"line":71}},"branchMap":{"0":{"loc":{"start":{"line":7,"column":20},"end":{"line":7,"column":null}},"type":"default-arg","locations":[{"start":{"line":7,"column":41},"end":{"line":7,"column":null}}],"line":7},"1":{"loc":{"start":{"line":8,"column":20},"end":{"line":8,"column":null}},"type":"default-arg","locations":[{"start":{"line":8,"column":41},"end":{"line":8,"column":null}}],"line":8},"2":{"loc":{"start":{"line":40,"column":4},"end":{"line":40,"column":null}},"type":"default-arg","locations":[{"start":{"line":40,"column":25},"end":{"line":40,"column":null}}],"line":40},"3":{"loc":{"start":{"line":50,"column":4},"end":{"line":50,"column":null}},"type":"default-arg","locations":[{"start":{"line":50,"column":25},"end":{"line":50,"column":null}}],"line":50},"4":{"loc":{"start":{"line":60,"column":4},"end":{"line":60,"column":null}},"type":"default-arg","locations":[{"start":{"line":60,"column":25},"end":{"line":60,"column":null}}],"line":60},"5":{"loc":{"start":{"line":70,"column":4},"end":{"line":70,"column":null}},"type":"default-arg","locations":[{"start":{"line":70,"column":25},"end":{"line":70,"column":null}}],"line":70}},"s":{"0":1,"1":2,"2":2,"3":2,"4":2,"5":2,"6":0,"7":1,"8":0,"9":1,"10":0,"11":1,"12":0,"13":1,"14":2},"f":{"0":2,"1":1,"2":1,"3":0,"4":0,"5":0,"6":2},"b":{"0":[2],"1":[2],"2":[0],"3":[0],"4":[0],"5":[2]},"meta":{"lastBranch":6,"lastFunction":7,"lastStatement":15,"seen":{"s:3:7:34:Infinity":0,"f:4:2:4:Infinity":0,"b:7:41:7:Infinity":0,"b:8:41:8:Infinity":1,"s:5:20:5:Infinity":1,"s:6:20:6:Infinity":2,"s:7:20:7:41":3,"s:8:20:8:41":4,"f:11:9:11:Infinity":1,"s:20:4:20:Infinity":5,"f:23:9:23:Infinity":2,"s:32:4:32:Infinity":6,"s:36:7:44:Infinity":7,"f:37:2:37:Infinity":3,"b:40:25:40:Infinity":2,"s:42:4:42:Infinity":8,"s:46:7:54:Infinity":9,"f:47:2:47:Infinity":4,"b:50:25:50:Infinity":3,"s:52:4:52:Infinity":10,"s:56:7:64:Infinity":11,"f:57:2:57:Infinity":5,"b:60:25:60:Infinity":4,"s:62:4:62:Infinity":12,"s:66:7:74:Infinity":13,"f:67:2:67:Infinity":6,"b:70:25:70:Infinity":5,"s:72:4:72:Infinity":14}}}
,"C:\\myapps\\timelapse\\src\\packages\\cross-cutting\\src\\helpers\\Either.ts": {"path":"C:\\myapps\\timelapse\\src\\packages\\cross-cutting\\src\\helpers\\Either.ts","statementMap":{"0":{"start":{"line":3,"column":21},"end":{"line":3,"column":null}},"1":{"start":{"line":4,"column":21},"end":{"line":4,"column":null}},"2":{"start":{"line":8,"column":4},"end":{"line":8,"column":null}},"3":{"start":{"line":13,"column":4},"end":{"line":13,"column":null}},"4":{"start":{"line":19,"column":4},"end":{"line":19,"column":null}},"5":{"start":{"line":23,"column":4},"end":{"line":23,"column":null}},"6":{"start":{"line":27,"column":4},"end":{"line":27,"column":null}},"7":{"start":{"line":32,"column":4},"end":{"line":32,"column":null}},"8":{"start":{"line":32,"column":27},"end":{"line":32,"column":null}},"9":{"start":{"line":33,"column":4},"end":{"line":33,"column":null}},"10":{"start":{"line":37,"column":4},"end":{"line":37,"column":null}},"11":{"start":{"line":37,"column":27},"end":{"line":37,"column":null}},"12":{"start":{"line":38,"column":4},"end":{"line":38,"column":null}},"13":{"start":{"line":43,"column":4},"end":{"line":45,"column":null}},"14":{"start":{"line":49,"column":4},"end":{"line":51,"column":null}},"15":{"start":{"line":55,"column":4},"end":{"line":55,"column":null}},"16":{"start":{"line":59,"column":4},"end":{"line":59,"column":null}},"17":{"start":{"line":1,"column":7},"end":{"line":60,"column":null}},"18":{"start":{"line":17,"column":4},"end":{"line":17,"column":null}},"19":{"start":{"line":22,"column":4},"end":{"line":22,"column":null}},"20":{"start":{"line":26,"column":4},"end":{"line":26,"column":null}},"21":{"start":{"line":31,"column":4},"end":{"line":31,"column":null}},"22":{"start":{"line":31,"column":27},"end":{"line":31,"column":null}},"23":{"start":{"line":36,"column":4},"end":{"line":36,"column":null}},"24":{"start":{"line":36,"column":27},"end":{"line":36,"column":null}},"25":{"start":{"line":42,"column":4},"end":{"line":44,"column":null}},"26":{"start":{"line":48,"column":4},"end":{"line":50,"column":null}},"27":{"start":{"line":54,"column":4},"end":{"line":54,"column":null}},"28":{"start":{"line":58,"column":4},"end":{"line":58,"column":null}}},"fnMap":{"0":{"name":"(anonymous_0)","decl":{"start":{"line":2,"column":2},"end":{"line":2,"column":10}},"loc":{"start":{"line":5,"column":4},"end":{"line":4,"column":null}},"line":5},"1":{"name":"(anonymous_1)","decl":{"start":{"line":7,"column":2},"end":{"line":7,"column":54}},"loc":{"start":{"line":7,"column":54},"end":{"line":8,"column":null}},"line":7},"2":{"name":"(anonymous_2)","decl":{"start":{"line":12,"column":9},"end":{"line":12,"column":26}},"loc":{"start":{"line":12,"column":66},"end":{"line":13,"column":null}},"line":12},"3":{"name":"(anonymous_3)","decl":{"start":{"line":16,"column":9},"end":{"line":16,"column":null}},"loc":{"start":{"line":18,"column":30},"end":{"line":19,"column":null}},"line":18},"4":{"name":"(anonymous_4)","decl":{"start":{"line":22,"column":2},"end":{"line":22,"column":23}},"loc":{"start":{"line":22,"column":23},"end":{"line":23,"column":null}},"line":22},"5":{"name":"(anonymous_5)","decl":{"start":{"line":26,"column":2},"end":{"line":26,"column":23}},"loc":{"start":{"line":26,"column":23},"end":{"line":27,"column":null}},"line":26},"6":{"name":"(anonymous_6)","decl":{"start":{"line":31,"column":6},"end":{"line":31,"column":25}},"loc":{"start":{"line":31,"column":25},"end":{"line":33,"column":null}},"line":31},"7":{"name":"(anonymous_7)","decl":{"start":{"line":36,"column":6},"end":{"line":36,"column":25}},"loc":{"start":{"line":36,"column":25},"end":{"line":38,"column":null}},"line":36},"8":{"name":"(anonymous_8)","decl":{"start":{"line":42,"column":2},"end":{"line":42,"column":9}},"loc":{"start":{"line":42,"column":52},"end":{"line":45,"column":null}},"line":42},"9":{"name":"(anonymous_9)","decl":{"start":{"line":48,"column":2},"end":{"line":48,"column":13}},"loc":{"start":{"line":48,"column":73},"end":{"line":51,"column":null}},"line":48},"10":{"name":"(anonymous_10)","decl":{"start":{"line":54,"column":2},"end":{"line":54,"column":12}},"loc":{"start":{"line":54,"column":44},"end":{"line":55,"column":null}},"line":54},"11":{"name":"(anonymous_11)","decl":{"start":{"line":58,"column":2},"end":{"line":58,"column":30}},"loc":{"start":{"line":58,"column":30},"end":{"line":59,"column":null}},"line":58},"12":{"name":"(anonymous_0)","decl":{"start":{"line":2,"column":10},"end":{"line":2,"column":null}},"loc":{"start":{"line":5,"column":4},"end":{"line":5,"column":null}},"line":5},"13":{"name":"(anonymous_1)","decl":{"start":{"line":7,"column":2},"end":{"line":7,"column":54}},"loc":{"start":{"line":7,"column":54},"end":{"line":9,"column":null}},"line":7},"14":{"name":"(anonymous_2)","decl":{"start":{"line":12,"column":9},"end":{"line":12,"column":26}},"loc":{"start":{"line":12,"column":66},"end":{"line":14,"column":null}},"line":12},"15":{"name":"(anonymous_3)","decl":{"start":{"line":16,"column":9},"end":{"line":16,"column":26}},"loc":{"start":{"line":16,"column":66},"end":{"line":18,"column":null}},"line":16},"16":{"name":"(anonymous_4)","decl":{"start":{"line":21,"column":2},"end":{"line":21,"column":23}},"loc":{"start":{"line":21,"column":23},"end":{"line":23,"column":null}},"line":21},"17":{"name":"(anonymous_5)","decl":{"start":{"line":25,"column":2},"end":{"line":25,"column":23}},"loc":{"start":{"line":25,"column":23},"end":{"line":27,"column":null}},"line":25},"18":{"name":"(anonymous_6)","decl":{"start":{"line":30,"column":6},"end":{"line":30,"column":25}},"loc":{"start":{"line":30,"column":25},"end":{"line":33,"column":null}},"line":30},"19":{"name":"(anonymous_7)","decl":{"start":{"line":35,"column":6},"end":{"line":35,"column":25}},"loc":{"start":{"line":35,"column":25},"end":{"line":38,"column":null}},"line":35},"20":{"name":"(anonymous_8)","decl":{"start":{"line":41,"column":2},"end":{"line":41,"column":9}},"loc":{"start":{"line":41,"column":52},"end":{"line":45,"column":null}},"line":41},"21":{"name":"(anonymous_9)","decl":{"start":{"line":47,"column":2},"end":{"line":47,"column":13}},"loc":{"start":{"line":47,"column":73},"end":{"line":51,"column":null}},"line":47},"22":{"name":"(anonymous_10)","decl":{"start":{"line":53,"column":2},"end":{"line":53,"column":12}},"loc":{"start":{"line":53,"column":44},"end":{"line":55,"column":null}},"line":53},"23":{"name":"(anonymous_11)","decl":{"start":{"line":57,"column":2},"end":{"line":57,"column":30}},"loc":{"start":{"line":57,"column":30},"end":{"line":59,"column":null}},"line":57}},"branchMap":{"0":{"loc":{"start":{"line":32,"column":4},"end":{"line":32,"column":null}},"type":"if","locations":[{"start":{"line":32,"column":4},"end":{"line":32,"column":null}},{"start":{},"end":{}}],"line":32},"1":{"loc":{"start":{"line":37,"column":4},"end":{"line":37,"column":null}},"type":"if","locations":[{"start":{"line":37,"column":4},"end":{"line":37,"column":null}},{"start":{},"end":{}}],"line":37},"2":{"loc":{"start":{"line":43,"column":11},"end":{"line":45,"column":55}},"type":"cond-expr","locations":[{"start":{"line":44,"column":8},"end":{"line":44,"column":59}},{"start":{"line":45,"column":8},"end":{"line":45,"column":55}}],"line":43},"3":{"loc":{"start":{"line":49,"column":11},"end":{"line":51,"column":55}},"type":"cond-expr","locations":[{"start":{"line":50,"column":8},"end":{"line":50,"column":24}},{"start":{"line":51,"column":8},"end":{"line":51,"column":55}}],"line":49},"4":{"loc":{"start":{"line":55,"column":11},"end":{"line":55,"column":null}},"type":"cond-expr","locations":[{"start":{"line":55,"column":30},"end":{"line":55,"column":45}},{"start":{"line":55,"column":45},"end":{"line":55,"column":null}}],"line":55},"5":{"loc":{"start":{"line":59,"column":11},"end":{"line":59,"column":null}},"type":"cond-expr","locations":[{"start":{"line":59,"column":30},"end":{"line":59,"column":45}},{"start":{"line":59,"column":45},"end":{"line":59,"column":null}}],"line":59},"6":{"loc":{"start":{"line":31,"column":4},"end":{"line":31,"column":null}},"type":"if","locations":[{"start":{"line":31,"column":4},"end":{"line":31,"column":null}},{"start":{},"end":{}}],"line":31},"7":{"loc":{"start":{"line":36,"column":4},"end":{"line":36,"column":null}},"type":"if","locations":[{"start":{"line":36,"column":4},"end":{"line":36,"column":null}},{"start":{},"end":{}}],"line":36},"8":{"loc":{"start":{"line":42,"column":11},"end":{"line":44,"column":null}},"type":"cond-expr","locations":[{"start":{"line":43,"column":8},"end":{"line":43,"column":null}},{"start":{"line":44,"column":8},"end":{"line":44,"column":null}}],"line":42},"9":{"loc":{"start":{"line":48,"column":11},"end":{"line":50,"column":null}},"type":"cond-expr","locations":[{"start":{"line":49,"column":8},"end":{"line":49,"column":null}},{"start":{"line":50,"column":8},"end":{"line":50,"column":null}}],"line":48},"10":{"loc":{"start":{"line":54,"column":11},"end":{"line":54,"column":null}},"type":"cond-expr","locations":[{"start":{"line":54,"column":30},"end":{"line":54,"column":45}},{"start":{"line":54,"column":45},"end":{"line":54,"column":null}}],"line":54},"11":{"loc":{"start":{"line":58,"column":11},"end":{"line":58,"column":null}},"type":"cond-expr","locations":[{"start":{"line":58,"column":30},"end":{"line":58,"column":45}},{"start":{"line":58,"column":45},"end":{"line":58,"column":null}}],"line":58}},"s":{"0":21,"1":21,"2":1,"3":8,"4":9,"5":15,"6":21,"7":9,"8":1,"9":9,"10":8,"11":1,"12":8,"13":3,"14":3,"15":3,"16":3,"17":1,"18":2,"19":2,"20":1,"21":0,"22":0,"23":0,"24":0,"25":0,"26":0,"27":0,"28":0},"f":{"0":21,"1":1,"2":2,"3":1,"4":16,"5":21,"6":9,"7":8,"8":2,"9":2,"10":2,"11":2,"12":3,"13":0,"14":1,"15":1,"16":2,"17":1,"18":0,"19":0,"20":0,"21":0,"22":0,"23":0},"b":{"0":[1,8],"1":[1,7],"2":[1,1],"3":[1,1],"4":[1,1],"5":[1,1],"6":[0,0],"7":[0,0],"8":[0,0],"9":[0,0],"10":[0,0],"11":[0,0]},"meta":{"lastBranch":6,"lastFunction":12,"lastStatement":17,"seen":{"f:2:2:2:10":0,"s:3:21:3:Infinity":0,"s:4:21:4:Infinity":1,"f:7:2:7:54":1,"s:8:4:8:Infinity":2,"f:12:9:12:26":2,"s:13:4:13:Infinity":3,"f:16:9:16:Infinity":3,"s:19:4:19:Infinity":4,"f:22:2:22:23":4,"s:23:4:23:Infinity":5,"f:26:2:26:23":5,"s:27:4:27:Infinity":6,"f:31:6:31:25":6,"b:32:4:32:Infinity:undefined:undefined:undefined:undefined":0,"s:32:4:32:Infinity":7,"s:32:27:32:Infinity":8,"s:33:4:33:Infinity":9,"f:36:6:36:25":7,"b:37:4:37:Infinity:undefined:undefined:undefined:undefined":1,"s:37:4:37:Infinity":10,"s:37:27:37:Infinity":11,"s:38:4:38:Infinity":12,"f:42:2:42:9":8,"s:43:4:45:Infinity":13,"b:44:8:44:59:45:8:45:55":2,"f:48:2:48:13":9,"s:49:4:51:Infinity":14,"b:50:8:50:24:51:8:51:55":3,"f:54:2:54:12":10,"s:55:4:55:Infinity":15,"b:55:30:55:45:55:45:55:Infinity":4,"f:58:2:58:30":11,"s:59:4:59:Infinity":16,"b:59:30:59:45:59:45:59:Infinity":5}}}
}
